<?xml version="1.0" encoding="UTF-8"?>
<coverage generated="1538358450006" clover="3.2.0">
  <project timestamp="1538358450006" name="All files">
    <metrics statements="31" coveredstatements="31" conditionals="4" coveredconditionals="4" methods="22" coveredmethods="21" elements="57" coveredelements="56" complexity="0" loc="31" ncloc="31" packages="1" files="2" classes="2">
      <file name="calculadora.js" path="C:\Source\testes-javascript\frontend\src\calculadora.js">
        <metrics statements="6" coveredstatements="6" conditionals="0" coveredconditionals="0" methods="7" coveredmethods="7"/>
        <line num="5" count="1" type="stmt"/>
        <line num="9" count="1" type="stmt"/>
        <line num="13" count="1" type="stmt"/>
        <line num="17" count="1" type="stmt"/>
        <line num="21" count="1" type="stmt"/>
        <line num="25" count="1" type="stmt"/>
      </file>
      <file name="gerenciador-tarefas.js" path="C:\Source\testes-javascript\frontend\src\gerenciador-tarefas.js">
        <metrics statements="25" coveredstatements="25" conditionals="4" coveredconditionals="4" methods="15" coveredmethods="14"/>
        <line num="5" count="1" type="stmt"/>
        <line num="6" count="1" type="stmt"/>
        <line num="7" count="1" type="stmt"/>
        <line num="8" count="1" type="stmt"/>
        <line num="9" count="1" type="stmt"/>
        <line num="13" count="1" type="stmt"/>
        <line num="14" count="1" type="stmt"/>
        <line num="15" count="1" type="stmt"/>
        <line num="19" count="1" type="stmt"/>
        <line num="20" count="1" type="stmt"/>
        <line num="24" count="1" type="stmt"/>
        <line num="28" count="2" type="stmt"/>
        <line num="30" count="2" type="stmt"/>
        <line num="31" count="2" type="stmt"/>
        <line num="35" count="3" type="stmt"/>
        <line num="37" count="3" type="stmt"/>
        <line num="38" count="6" type="stmt"/>
        <line num="43" count="3" type="stmt"/>
        <line num="47" count="7" type="stmt"/>
        <line num="56" count="9" type="cond" truecount="2" falsecount="0"/>
        <line num="57" count="8" type="stmt"/>
        <line num="61" count="5" type="stmt"/>
        <line num="63" count="5" type="cond" truecount="2" falsecount="0"/>
        <line num="65" count="4" type="stmt"/>
        <line num="66" count="4" type="stmt"/>
      </file>
    </metrics>
  </project>
</coverage>
