{"C:\\Source\\testes-javascript\\frontend\\src\\calculadora.js": {"path":"C:\\Source\\testes-javascript\\frontend\\src\\calculadora.js","statementMap":{"0":{"start":{"line":5,"column":4},"end":{"line":5,"column":17}},"1":{"start":{"line":9,"column":4},"end":{"line":9,"column":17}},"2":{"start":{"line":13,"column":4},"end":{"line":13,"column":17}},"3":{"start":{"line":17,"column":4},"end":{"line":17,"column":17}},"4":{"start":{"line":21,"column":4},"end":{"line":21,"column":51}},"5":{"start":{"line":21,"column":45},"end":{"line":21,"column":49}},"6":{"start":{"line":25,"column":4},"end":{"line":25,"column":66}}},"fnMap":{"0":{"name":"(anonymous_0)","decl":{"start":{"line":4,"column":2},"end":{"line":4,"column":3}},"loc":{"start":{"line":4,"column":14},"end":{"line":6,"column":3}},"line":4},"1":{"name":"(anonymous_1)","decl":{"start":{"line":8,"column":2},"end":{"line":8,"column":3}},"loc":{"start":{"line":8,"column":17},"end":{"line":10,"column":3}},"line":8},"2":{"name":"(anonymous_2)","decl":{"start":{"line":12,"column":2},"end":{"line":12,"column":3}},"loc":{"start":{"line":12,"column":16},"end":{"line":14,"column":3}},"line":12},"3":{"name":"(anonymous_3)","decl":{"start":{"line":16,"column":2},"end":{"line":16,"column":3}},"loc":{"start":{"line":16,"column":20},"end":{"line":18,"column":3}},"line":16},"4":{"name":"(anonymous_4)","decl":{"start":{"line":20,"column":2},"end":{"line":20,"column":3}},"loc":{"start":{"line":20,"column":24},"end":{"line":22,"column":3}},"line":20},"5":{"name":"(anonymous_5)","decl":{"start":{"line":21,"column":37},"end":{"line":21,"column":38}},"loc":{"start":{"line":21,"column":45},"end":{"line":21,"column":49}},"line":21},"6":{"name":"(anonymous_6)","decl":{"start":{"line":24,"column":2},"end":{"line":24,"column":3}},"loc":{"start":{"line":24,"column":18},"end":{"line":26,"column":3}},"line":24}},"branchMap":{},"s":{"0":1,"1":1,"2":1,"3":1,"4":1,"5":1,"6":1},"f":{"0":1,"1":1,"2":1,"3":1,"4":1,"5":1,"6":1},"b":{},"_coverageSchema":"332fd63041d2c1bcb487cc26dd0d5f7d97098a6c","hash":"bc3bbf48e77cf5a4949f97f3b01fe758e2f81c95"}
,"C:\\Source\\testes-javascript\\frontend\\src\\gerenciador-tarefas.js": {"path":"C:\\Source\\testes-javascript\\frontend\\src\\gerenciador-tarefas.js","statementMap":{"0":{"start":{"line":5,"column":4},"end":{"line":5,"column":60}},"1":{"start":{"line":6,"column":4},"end":{"line":6,"column":55}},"2":{"start":{"line":7,"column":4},"end":{"line":7,"column":45}},"3":{"start":{"line":8,"column":4},"end":{"line":8,"column":49}},"4":{"start":{"line":9,"column":4},"end":{"line":9,"column":49}},"5":{"start":{"line":13,"column":4},"end":{"line":13,"column":28}},"6":{"start":{"line":14,"column":4},"end":{"line":14,"column":29}},"7":{"start":{"line":15,"column":4},"end":{"line":15,"column":34}},"8":{"start":{"line":19,"column":4},"end":{"line":19,"column":77}},"9":{"start":{"line":19,"column":53},"end":{"line":19,"column":75}},"10":{"start":{"line":20,"column":4},"end":{"line":20,"column":54}},"11":{"start":{"line":20,"column":30},"end":{"line":20,"column":52}},"12":{"start":{"line":24,"column":4},"end":{"line":24,"column":81}},"13":{"start":{"line":28,"column":4},"end":{"line":28,"column":41}},"14":{"start":{"line":30,"column":4},"end":{"line":31,"column":48}},"15":{"start":{"line":31,"column":20},"end":{"line":31,"column":46}},"16":{"start":{"line":35,"column":4},"end":{"line":35,"column":35}},"17":{"start":{"line":37,"column":4},"end":{"line":39,"column":7}},"18":{"start":{"line":38,"column":6},"end":{"line":38,"column":76}},"19":{"start":{"line":43,"column":4},"end":{"line":43,"column":47}},"20":{"start":{"line":47,"column":4},"end":{"line":52,"column":6}},"21":{"start":{"line":56,"column":4},"end":{"line":57,"column":19}},"22":{"start":{"line":56,"column":25},"end":{"line":56,"column":42}},"23":{"start":{"line":57,"column":9},"end":{"line":57,"column":19}},"24":{"start":{"line":61,"column":29},"end":{"line":61,"column":69}},"25":{"start":{"line":63,"column":4},"end":{"line":63,"column":40}},"26":{"start":{"line":63,"column":33},"end":{"line":63,"column":40}},"27":{"start":{"line":65,"column":4},"end":{"line":66,"column":44}},"28":{"start":{"line":66,"column":18},"end":{"line":66,"column":42}}},"fnMap":{"0":{"name":"(anonymous_0)","decl":{"start":{"line":4,"column":2},"end":{"line":4,"column":3}},"loc":{"start":{"line":4,"column":16},"end":{"line":10,"column":3}},"line":4},"1":{"name":"(anonymous_1)","decl":{"start":{"line":12,"column":2},"end":{"line":12,"column":3}},"loc":{"start":{"line":12,"column":16},"end":{"line":16,"column":3}},"line":12},"2":{"name":"(anonymous_2)","decl":{"start":{"line":18,"column":2},"end":{"line":18,"column":3}},"loc":{"start":{"line":18,"column":27},"end":{"line":21,"column":3}},"line":18},"3":{"name":"(anonymous_3)","decl":{"start":{"line":19,"column":47},"end":{"line":19,"column":48}},"loc":{"start":{"line":19,"column":53},"end":{"line":19,"column":75}},"line":19},"4":{"name":"(anonymous_4)","decl":{"start":{"line":20,"column":24},"end":{"line":20,"column":25}},"loc":{"start":{"line":20,"column":30},"end":{"line":20,"column":52}},"line":20},"5":{"name":"(anonymous_5)","decl":{"start":{"line":23,"column":2},"end":{"line":23,"column":3}},"loc":{"start":{"line":23,"column":21},"end":{"line":25,"column":3}},"line":23},"6":{"name":"(anonymous_6)","decl":{"start":{"line":27,"column":2},"end":{"line":27,"column":3}},"loc":{"start":{"line":27,"column":22},"end":{"line":32,"column":3}},"line":27},"7":{"name":"(anonymous_7)","decl":{"start":{"line":31,"column":12},"end":{"line":31,"column":13}},"loc":{"start":{"line":31,"column":20},"end":{"line":31,"column":46}},"line":31},"8":{"name":"(anonymous_8)","decl":{"start":{"line":34,"column":2},"end":{"line":34,"column":3}},"loc":{"start":{"line":34,"column":27},"end":{"line":40,"column":3}},"line":34},"9":{"name":"(anonymous_9)","decl":{"start":{"line":37,"column":20},"end":{"line":37,"column":21}},"loc":{"start":{"line":37,"column":30},"end":{"line":39,"column":5}},"line":37},"10":{"name":"(anonymous_10)","decl":{"start":{"line":42,"column":2},"end":{"line":42,"column":3}},"loc":{"start":{"line":42,"column":28},"end":{"line":44,"column":3}},"line":42},"11":{"name":"(anonymous_11)","decl":{"start":{"line":46,"column":2},"end":{"line":46,"column":3}},"loc":{"start":{"line":46,"column":30},"end":{"line":53,"column":3}},"line":46},"12":{"name":"(anonymous_12)","decl":{"start":{"line":55,"column":2},"end":{"line":55,"column":3}},"loc":{"start":{"line":55,"column":25},"end":{"line":58,"column":3}},"line":55},"13":{"name":"(anonymous_13)","decl":{"start":{"line":60,"column":2},"end":{"line":60,"column":3}},"loc":{"start":{"line":60,"column":20},"end":{"line":67,"column":3}},"line":60},"14":{"name":"(anonymous_14)","decl":{"start":{"line":66,"column":12},"end":{"line":66,"column":13}},"loc":{"start":{"line":66,"column":18},"end":{"line":66,"column":42}},"line":66}},"branchMap":{"0":{"loc":{"start":{"line":56,"column":4},"end":{"line":57,"column":19}},"type":"if","locations":[{"start":{"line":56,"column":4},"end":{"line":57,"column":19}},{"start":{"line":56,"column":4},"end":{"line":57,"column":19}}],"line":56},"1":{"loc":{"start":{"line":63,"column":4},"end":{"line":63,"column":40}},"type":"if","locations":[{"start":{"line":63,"column":4},"end":{"line":63,"column":40}},{"start":{"line":63,"column":4},"end":{"line":63,"column":40}}],"line":63}},"s":{"0":1,"1":1,"2":1,"3":1,"4":1,"5":1,"6":1,"7":1,"8":1,"9":1,"10":1,"11":0,"12":1,"13":2,"14":2,"15":2,"16":3,"17":3,"18":6,"19":3,"20":7,"21":9,"22":1,"23":8,"24":5,"25":5,"26":1,"27":4,"28":4},"f":{"0":1,"1":1,"2":1,"3":1,"4":0,"5":1,"6":2,"7":2,"8":3,"9":6,"10":3,"11":7,"12":9,"13":5,"14":4},"b":{"0":[1,8],"1":[1,4]},"_coverageSchema":"332fd63041d2c1bcb487cc26dd0d5f7d97098a6c","hash":"329b34782657fb45ae39246c9805470a285a3087"}
}
